2025-04-04 12:39:59.646 [info] Extension host with pid 1616 started
2025-04-04 12:39:59.653 [info] Lock '/home/runner/.vscode-server/data/User/workspaceStorage/df526af91214934c59528bd64ea2bf36/vscode.lock': Lock acquired.
2025-04-04 12:40:00.124 [info] Eager extensions activated
2025-04-04 12:40:02.393 [info] ExtensionService#_doActivateExtension vscode.debug-auto-launch, startup: false, activationEvent: 'onStartupFinished'
2025-04-04 12:40:02.394 [info] ExtensionService#_doActivateExtension vscode.emmet, startup: false, activationEvent: 'onLanguage'
2025-04-04 12:40:02.394 [info] ExtensionService#_doActivateExtension vscode.git-base, startup: false, activationEvent: '*', root cause: vscode.git
2025-04-04 12:40:02.395 [info] ExtensionService#_doActivateExtension vscode.merge-conflict, startup: false, activationEvent: 'onStartupFinished'
2025-04-04 12:40:02.737 [info] ExtensionService#_doActivateExtension vscode.git, startup: false, activationEvent: '*'
2025-04-04 12:40:02.738 [info] ExtensionService#_doActivateExtension vscode.github, startup: false, activationEvent: '*'
2025-04-04 12:40:02.983 [info] ExtensionService#_doActivateExtension vscode.npm, startup: false, activationEvent: 'workspaceContains:package.json'
2025-04-04 12:40:10.003 [info] ExtensionService#_doActivateExtension vscode.configuration-editing, startup: false, activationEvent: 'onLanguage:json'
2025-04-04 12:40:10.003 [info] ExtensionService#_doActivateExtension vscode.extension-editing, startup: false, activationEvent: 'onLanguage:json'
2025-04-04 12:40:10.003 [info] ExtensionService#_doActivateExtension vscode.json-language-features, startup: false, activationEvent: 'onLanguage:json'
2025-04-04 12:40:25.748 [info] Extension host terminating: received terminate message from renderer
2025-04-04 12:40:25.749 [info] Lock '/home/runner/.vscode-server/data/User/workspaceStorage/df526af91214934c59528bd64ea2bf36/vscode.lock': Marking the lockfile as scheduled to be released in 6000 ms.
2025-04-04 12:40:25.773 [error] Canceled: Canceled
	at new dR (file:///home/runner/workspace/.config/.vscode-server/cli/servers/Stable-ddc367ed5c8936efe395cffeec279b04ffd7db78/server/out/vs/workbench/api/node/extensionHostProcess.js:29:155028)
	at qy.U (file:///home/runner/workspace/.config/.vscode-server/cli/servers/Stable-ddc367ed5c8936efe395cffeec279b04ffd7db78/server/out/vs/workbench/api/node/extensionHostProcess.js:29:159639)
	at s.<computed>.n.charCodeAt.s.<computed> (file:///home/runner/workspace/.config/.vscode-server/cli/servers/Stable-ddc367ed5c8936efe395cffeec279b04ffd7db78/server/out/vs/workbench/api/node/extensionHostProcess.js:29:157133)
	at kw.g (file:///home/runner/workspace/.config/.vscode-server/cli/servers/Stable-ddc367ed5c8936efe395cffeec279b04ffd7db78/server/out/vs/workbench/api/node/extensionHostProcess.js:112:41039)
	at kw.executeCommand (file:///home/runner/workspace/.config/.vscode-server/cli/servers/Stable-ddc367ed5c8936efe395cffeec279b04ffd7db78/server/out/vs/workbench/api/node/extensionHostProcess.js:112:40543)
	at r.registerCommand.description (file:///home/runner/workspace/.config/.vscode-server/cli/servers/Stable-ddc367ed5c8936efe395cffeec279b04ffd7db78/server/out/vs/workbench/api/node/extensionHostProcess.js:112:39873)
	at kw.h (file:///home/runner/workspace/.config/.vscode-server/cli/servers/Stable-ddc367ed5c8936efe395cffeec279b04ffd7db78/server/out/vs/workbench/api/node/extensionHostProcess.js:112:41559)
	at kw.g (file:///home/runner/workspace/.config/.vscode-server/cli/servers/Stable-ddc367ed5c8936efe395cffeec279b04ffd7db78/server/out/vs/workbench/api/node/extensionHostProcess.js:112:40636)
	at kw.executeCommand (file:///home/runner/workspace/.config/.vscode-server/cli/servers/Stable-ddc367ed5c8936efe395cffeec279b04ffd7db78/server/out/vs/workbench/api/node/extensionHostProcess.js:112:40543)
	at Object.executeCommand (file:///home/runner/workspace/.config/.vscode-server/cli/servers/Stable-ddc367ed5c8936efe395cffeec279b04ffd7db78/server/out/vs/workbench/api/node/extensionHostProcess.js:172:37375)
	at Th.L [as value] (/home/runner/workspace/.config/.vscode-server/cli/servers/Stable-ddc367ed5c8936efe395cffeec279b04ffd7db78/server/extensions/git/dist/main.js:2:1000063)
	at D.B (file:///home/runner/workspace/.config/.vscode-server/cli/servers/Stable-ddc367ed5c8936efe395cffeec279b04ffd7db78/server/out/vs/workbench/api/node/extensionHostProcess.js:27:2375)
	at D.C (file:///home/runner/workspace/.config/.vscode-server/cli/servers/Stable-ddc367ed5c8936efe395cffeec279b04ffd7db78/server/out/vs/workbench/api/node/extensionHostProcess.js:27:2445)
	at D.fire (file:///home/runner/workspace/.config/.vscode-server/cli/servers/Stable-ddc367ed5c8936efe395cffeec279b04ffd7db78/server/out/vs/workbench/api/node/extensionHostProcess.js:27:2662)
	at Object.p [as dispose] (/home/runner/workspace/.config/.vscode-server/cli/servers/Stable-ddc367ed5c8936efe395cffeec279b04ffd7db78/server/extensions/git/dist/main.js:2:1022703)
	at /home/runner/workspace/.config/.vscode-server/cli/servers/Stable-ddc367ed5c8936efe395cffeec279b04ffd7db78/server/extensions/git/dist/main.js:2:1029021
	at Array.forEach (<anonymous>)
	at b.dispose (/home/runner/workspace/.config/.vscode-server/cli/servers/Stable-ddc367ed5c8936efe395cffeec279b04ffd7db78/server/extensions/git/dist/main.js:2:1029007)
	at fv.<anonymous> (file:///home/runner/workspace/.config/.vscode-server/cli/servers/Stable-ddc367ed5c8936efe395cffeec279b04ffd7db78/server/out/vs/workbench/api/node/extensionHostProcess.js:108:8922)
	at fv.dispose (file:///home/runner/workspace/.config/.vscode-server/cli/servers/Stable-ddc367ed5c8936efe395cffeec279b04ffd7db78/server/out/vs/workbench/api/node/extensionHostProcess.js:108:9018)
	at fv.<anonymous> (/home/runner/workspace/.config/.vscode-server/cli/servers/Stable-ddc367ed5c8936efe395cffeec279b04ffd7db78/server/extensions/git/dist/main.js:2:1002547)
	at fv.dispose (file:///home/runner/workspace/.config/.vscode-server/cli/servers/Stable-ddc367ed5c8936efe395cffeec279b04ffd7db78/server/out/vs/workbench/api/node/extensionHostProcess.js:108:9018)
	at hi (file:///home/runner/workspace/.config/.vscode-server/cli/servers/Stable-ddc367ed5c8936efe395cffeec279b04ffd7db78/server/out/vs/workbench/api/node/extensionHostProcess.js:25:701)
	at file:///home/runner/workspace/.config/.vscode-server/cli/servers/Stable-ddc367ed5c8936efe395cffeec279b04ffd7db78/server/out/vs/workbench/api/node/extensionHostProcess.js:116:14994
	at file:///home/runner/workspace/.config/.vscode-server/cli/servers/Stable-ddc367ed5c8936efe395cffeec279b04ffd7db78/server/out/vs/workbench/api/node/extensionHostProcess.js:25:1011
	at Object.dispose (file:///home/runner/workspace/.config/.vscode-server/cli/servers/Stable-ddc367ed5c8936efe395cffeec279b04ffd7db78/server/out/vs/workbench/api/node/extensionHostProcess.js:8:705)
	at zz.eb (file:///home/runner/workspace/.config/.vscode-server/cli/servers/Stable-ddc367ed5c8936efe395cffeec279b04ffd7db78/server/out/vs/workbench/api/node/extensionHostProcess.js:116:11921)
	at file:///home/runner/workspace/.config/.vscode-server/cli/servers/Stable-ddc367ed5c8936efe395cffeec279b04ffd7db78/server/out/vs/workbench/api/node/extensionHostProcess.js:116:9876
	at Array.map (<anonymous>)
	at zz.$ (file:///home/runner/workspace/.config/.vscode-server/cli/servers/Stable-ddc367ed5c8936efe395cffeec279b04ffd7db78/server/out/vs/workbench/api/node/extensionHostProcess.js:116:9864)
	at zz.terminate (file:///home/runner/workspace/.config/.vscode-server/cli/servers/Stable-ddc367ed5c8936efe395cffeec279b04ffd7db78/server/out/vs/workbench/api/node/extensionHostProcess.js:116:10107)
	at FI.terminate (file:///home/runner/workspace/.config/.vscode-server/cli/servers/Stable-ddc367ed5c8936efe395cffeec279b04ffd7db78/server/out/vs/workbench/api/node/extensionHostProcess.js:117:1434)
	at ts (file:///home/runner/workspace/.config/.vscode-server/cli/servers/Stable-ddc367ed5c8936efe395cffeec279b04ffd7db78/server/out/vs/workbench/api/node/extensionHostProcess.js:190:15108)
	at Th.value (file:///home/runner/workspace/.config/.vscode-server/cli/servers/Stable-ddc367ed5c8936efe395cffeec279b04ffd7db78/server/out/vs/workbench/api/node/extensionHostProcess.js:190:13269)
	at D.B (file:///home/runner/workspace/.config/.vscode-server/cli/servers/Stable-ddc367ed5c8936efe395cffeec279b04ffd7db78/server/out/vs/workbench/api/node/extensionHostProcess.js:27:2375)
	at D.fire (file:///home/runner/workspace/.config/.vscode-server/cli/servers/Stable-ddc367ed5c8936efe395cffeec279b04ffd7db78/server/out/vs/workbench/api/node/extensionHostProcess.js:27:2593)
	at Gn.fire (file:///home/runner/workspace/.config/.vscode-server/cli/servers/Stable-ddc367ed5c8936efe395cffeec279b04ffd7db78/server/out/vs/workbench/api/node/extensionHostProcess.js:29:9459)
	at Ym.A (file:///home/runner/workspace/.config/.vscode-server/cli/servers/Stable-ddc367ed5c8936efe395cffeec279b04ffd7db78/server/out/vs/workbench/api/node/extensionHostProcess.js:29:12575)
	at Th.value (file:///home/runner/workspace/.config/.vscode-server/cli/servers/Stable-ddc367ed5c8936efe395cffeec279b04ffd7db78/server/out/vs/workbench/api/node/extensionHostProcess.js:29:10995)
	at D.B (file:///home/runner/workspace/.config/.vscode-server/cli/servers/Stable-ddc367ed5c8936efe395cffeec279b04ffd7db78/server/out/vs/workbench/api/node/extensionHostProcess.js:27:2375)
	at D.fire (file:///home/runner/workspace/.config/.vscode-server/cli/servers/Stable-ddc367ed5c8936efe395cffeec279b04ffd7db78/server/out/vs/workbench/api/node/extensionHostProcess.js:27:2593)
	at C6.acceptChunk (file:///home/runner/workspace/.config/.vscode-server/cli/servers/Stable-ddc367ed5c8936efe395cffeec279b04ffd7db78/server/out/vs/workbench/api/node/extensionHostProcess.js:29:7942)
	at file:///home/runner/workspace/.config/.vscode-server/cli/servers/Stable-ddc367ed5c8936efe395cffeec279b04ffd7db78/server/out/vs/workbench/api/node/extensionHostProcess.js:29:7228
	at Socket.t (file:///home/runner/workspace/.config/.vscode-server/cli/servers/Stable-ddc367ed5c8936efe395cffeec279b04ffd7db78/server/out/vs/workbench/api/node/extensionHostProcess.js:29:15252)
	at Socket.emit (node:events:518:28)
	at addChunk (node:internal/streams/readable:561:12)
	at readableAddChunkPushByteMode (node:internal/streams/readable:512:3)
	at Readable.push (node:internal/streams/readable:392:5)
	at Pipe.onStreamRead (node:internal/stream_base_commons:191:23) setContext undefined
2025-04-04 12:40:25.774 [error] Canceled: Canceled
	at new dR (file:///home/runner/workspace/.config/.vscode-server/cli/servers/Stable-ddc367ed5c8936efe395cffeec279b04ffd7db78/server/out/vs/workbench/api/node/extensionHostProcess.js:29:155028)
	at qy.U (file:///home/runner/workspace/.config/.vscode-server/cli/servers/Stable-ddc367ed5c8936efe395cffeec279b04ffd7db78/server/out/vs/workbench/api/node/extensionHostProcess.js:29:159639)
	at s.<computed>.n.charCodeAt.s.<computed> (file:///home/runner/workspace/.config/.vscode-server/cli/servers/Stable-ddc367ed5c8936efe395cffeec279b04ffd7db78/server/out/vs/workbench/api/node/extensionHostProcess.js:29:157133)
	at kw.g (file:///home/runner/workspace/.config/.vscode-server/cli/servers/Stable-ddc367ed5c8936efe395cffeec279b04ffd7db78/server/out/vs/workbench/api/node/extensionHostProcess.js:112:41039)
	at kw.executeCommand (file:///home/runner/workspace/.config/.vscode-server/cli/servers/Stable-ddc367ed5c8936efe395cffeec279b04ffd7db78/server/out/vs/workbench/api/node/extensionHostProcess.js:112:40543)
	at r.registerCommand.description (file:///home/runner/workspace/.config/.vscode-server/cli/servers/Stable-ddc367ed5c8936efe395cffeec279b04ffd7db78/server/out/vs/workbench/api/node/extensionHostProcess.js:112:39873)
	at kw.h (file:///home/runner/workspace/.config/.vscode-server/cli/servers/Stable-ddc367ed5c8936efe395cffeec279b04ffd7db78/server/out/vs/workbench/api/node/extensionHostProcess.js:112:41559)
	at kw.g (file:///home/runner/workspace/.config/.vscode-server/cli/servers/Stable-ddc367ed5c8936efe395cffeec279b04ffd7db78/server/out/vs/workbench/api/node/extensionHostProcess.js:112:40636)
	at kw.executeCommand (file:///home/runner/workspace/.config/.vscode-server/cli/servers/Stable-ddc367ed5c8936efe395cffeec279b04ffd7db78/server/out/vs/workbench/api/node/extensionHostProcess.js:112:40543)
	at Object.executeCommand (file:///home/runner/workspace/.config/.vscode-server/cli/servers/Stable-ddc367ed5c8936efe395cffeec279b04ffd7db78/server/out/vs/workbench/api/node/extensionHostProcess.js:172:37375)
	at set hasGitHubRepositories [as hasGitHubRepositories] (/home/runner/workspace/.config/.vscode-server/cli/servers/Stable-ddc367ed5c8936efe395cffeec279b04ffd7db78/server/extensions/github/dist/extension.js:2:217805)
	at /home/runner/workspace/.config/.vscode-server/cli/servers/Stable-ddc367ed5c8936efe395cffeec279b04ffd7db78/server/extensions/github/dist/extension.js:2:218764
	at Th.value (/home/runner/workspace/.config/.vscode-server/cli/servers/Stable-ddc367ed5c8936efe395cffeec279b04ffd7db78/server/extensions/git/dist/main.js:2:1120702)
	at D.B (file:///home/runner/workspace/.config/.vscode-server/cli/servers/Stable-ddc367ed5c8936efe395cffeec279b04ffd7db78/server/out/vs/workbench/api/node/extensionHostProcess.js:27:2375)
	at D.C (file:///home/runner/workspace/.config/.vscode-server/cli/servers/Stable-ddc367ed5c8936efe395cffeec279b04ffd7db78/server/out/vs/workbench/api/node/extensionHostProcess.js:27:2445)
	at D.fire (file:///home/runner/workspace/.config/.vscode-server/cli/servers/Stable-ddc367ed5c8936efe395cffeec279b04ffd7db78/server/out/vs/workbench/api/node/extensionHostProcess.js:27:2662)
	at Object.p [as dispose] (/home/runner/workspace/.config/.vscode-server/cli/servers/Stable-ddc367ed5c8936efe395cffeec279b04ffd7db78/server/extensions/git/dist/main.js:2:1022703)
	at /home/runner/workspace/.config/.vscode-server/cli/servers/Stable-ddc367ed5c8936efe395cffeec279b04ffd7db78/server/extensions/git/dist/main.js:2:1029021
	at Array.forEach (<anonymous>)
	at b.dispose (/home/runner/workspace/.config/.vscode-server/cli/servers/Stable-ddc367ed5c8936efe395cffeec279b04ffd7db78/server/extensions/git/dist/main.js:2:1029007)
	at fv.<anonymous> (file:///home/runner/workspace/.config/.vscode-server/cli/servers/Stable-ddc367ed5c8936efe395cffeec279b04ffd7db78/server/out/vs/workbench/api/node/extensionHostProcess.js:108:8922)
	at fv.dispose (file:///home/runner/workspace/.config/.vscode-server/cli/servers/Stable-ddc367ed5c8936efe395cffeec279b04ffd7db78/server/out/vs/workbench/api/node/extensionHostProcess.js:108:9018)
	at fv.<anonymous> (/home/runner/workspace/.config/.vscode-server/cli/servers/Stable-ddc367ed5c8936efe395cffeec279b04ffd7db78/server/extensions/git/dist/main.js:2:1002547)
	at fv.dispose (file:///home/runner/workspace/.config/.vscode-server/cli/servers/Stable-ddc367ed5c8936efe395cffeec279b04ffd7db78/server/out/vs/workbench/api/node/extensionHostProcess.js:108:9018)
	at hi (file:///home/runner/workspace/.config/.vscode-server/cli/servers/Stable-ddc367ed5c8936efe395cffeec279b04ffd7db78/server/out/vs/workbench/api/node/extensionHostProcess.js:25:701)
	at file:///home/runner/workspace/.config/.vscode-server/cli/servers/Stable-ddc367ed5c8936efe395cffeec279b04ffd7db78/server/out/vs/workbench/api/node/extensionHostProcess.js:116:14994
	at file:///home/runner/workspace/.config/.vscode-server/cli/servers/Stable-ddc367ed5c8936efe395cffeec279b04ffd7db78/server/out/vs/workbench/api/node/extensionHostProcess.js:25:1011
	at Object.dispose (file:///home/runner/workspace/.config/.vscode-server/cli/servers/Stable-ddc367ed5c8936efe395cffeec279b04ffd7db78/server/out/vs/workbench/api/node/extensionHostProcess.js:8:705)
	at zz.eb (file:///home/runner/workspace/.config/.vscode-server/cli/servers/Stable-ddc367ed5c8936efe395cffeec279b04ffd7db78/server/out/vs/workbench/api/node/extensionHostProcess.js:116:11921)
	at file:///home/runner/workspace/.config/.vscode-server/cli/servers/Stable-ddc367ed5c8936efe395cffeec279b04ffd7db78/server/out/vs/workbench/api/node/extensionHostProcess.js:116:9876
	at Array.map (<anonymous>)
	at zz.$ (file:///home/runner/workspace/.config/.vscode-server/cli/servers/Stable-ddc367ed5c8936efe395cffeec279b04ffd7db78/server/out/vs/workbench/api/node/extensionHostProcess.js:116:9864)
	at zz.terminate (file:///home/runner/workspace/.config/.vscode-server/cli/servers/Stable-ddc367ed5c8936efe395cffeec279b04ffd7db78/server/out/vs/workbench/api/node/extensionHostProcess.js:116:10107)
	at FI.terminate (file:///home/runner/workspace/.config/.vscode-server/cli/servers/Stable-ddc367ed5c8936efe395cffeec279b04ffd7db78/server/out/vs/workbench/api/node/extensionHostProcess.js:117:1434)
	at ts (file:///home/runner/workspace/.config/.vscode-server/cli/servers/Stable-ddc367ed5c8936efe395cffeec279b04ffd7db78/server/out/vs/workbench/api/node/extensionHostProcess.js:190:15108)
	at Th.value (file:///home/runner/workspace/.config/.vscode-server/cli/servers/Stable-ddc367ed5c8936efe395cffeec279b04ffd7db78/server/out/vs/workbench/api/node/extensionHostProcess.js:190:13269)
	at D.B (file:///home/runner/workspace/.config/.vscode-server/cli/servers/Stable-ddc367ed5c8936efe395cffeec279b04ffd7db78/server/out/vs/workbench/api/node/extensionHostProcess.js:27:2375)
	at D.fire (file:///home/runner/workspace/.config/.vscode-server/cli/servers/Stable-ddc367ed5c8936efe395cffeec279b04ffd7db78/server/out/vs/workbench/api/node/extensionHostProcess.js:27:2593)
	at Gn.fire (file:///home/runner/workspace/.config/.vscode-server/cli/servers/Stable-ddc367ed5c8936efe395cffeec279b04ffd7db78/server/out/vs/workbench/api/node/extensionHostProcess.js:29:9459)
	at Ym.A (file:///home/runner/workspace/.config/.vscode-server/cli/servers/Stable-ddc367ed5c8936efe395cffeec279b04ffd7db78/server/out/vs/workbench/api/node/extensionHostProcess.js:29:12575)
	at Th.value (file:///home/runner/workspace/.config/.vscode-server/cli/servers/Stable-ddc367ed5c8936efe395cffeec279b04ffd7db78/server/out/vs/workbench/api/node/extensionHostProcess.js:29:10995)
	at D.B (file:///home/runner/workspace/.config/.vscode-server/cli/servers/Stable-ddc367ed5c8936efe395cffeec279b04ffd7db78/server/out/vs/workbench/api/node/extensionHostProcess.js:27:2375)
	at D.fire (file:///home/runner/workspace/.config/.vscode-server/cli/servers/Stable-ddc367ed5c8936efe395cffeec279b04ffd7db78/server/out/vs/workbench/api/node/extensionHostProcess.js:27:2593)
	at C6.acceptChunk (file:///home/runner/workspace/.config/.vscode-server/cli/servers/Stable-ddc367ed5c8936efe395cffeec279b04ffd7db78/server/out/vs/workbench/api/node/extensionHostProcess.js:29:7942)
	at file:///home/runner/workspace/.config/.vscode-server/cli/servers/Stable-ddc367ed5c8936efe395cffeec279b04ffd7db78/server/out/vs/workbench/api/node/extensionHostProcess.js:29:7228
	at Socket.t (file:///home/runner/workspace/.config/.vscode-server/cli/servers/Stable-ddc367ed5c8936efe395cffeec279b04ffd7db78/server/out/vs/workbench/api/node/extensionHostProcess.js:29:15252)
	at Socket.emit (node:events:518:28)
	at addChunk (node:internal/streams/readable:561:12)
	at readableAddChunkPushByteMode (node:internal/streams/readable:512:3)
	at Readable.push (node:internal/streams/readable:392:5)
	at Pipe.onStreamRead (node:internal/stream_base_commons:191:23) setContext undefined
2025-04-04 12:40:25.775 [info] Extension host with pid 1616 exiting with code 0
