2025-04-04 12:40:03.462 [info] [main] Log level: Info
2025-04-04 12:40:03.462 [info] [main] Validating found git in: "git"
2025-04-04 12:40:03.462 [info] [main] Using git "2.47.2" from "git"
2025-04-04 12:40:03.462 [info] [Model][doInitialScan] Initial repository scan started
2025-04-04 12:40:03.462 [info] > git rev-parse --show-toplevel [3ms]
2025-04-04 12:40:03.462 [info] > git rev-parse --git-dir --git-common-dir [1ms]
2025-04-04 12:40:03.462 [info] [Model][openRepository] Opened repository: /home/runner/workspace
2025-04-04 12:40:03.462 [info] > git config --get commit.template [3ms]
2025-04-04 12:40:03.462 [info] > git rev-parse --show-toplevel [2ms]
2025-04-04 12:40:03.462 [info] > git for-each-ref --format=%(refname)%00%(upstream:short)%00%(objectname)%00%(upstream:track)%00%(upstream:remotename)%00%(upstream:remoteref) refs/heads/main refs/remotes/main [3ms]
2025-04-04 12:40:03.462 [info] > git status -z -uall [3ms]
2025-04-04 12:40:03.462 [info] > git rev-parse --show-toplevel [8ms]
2025-04-04 12:40:03.462 [info] > git for-each-ref --sort -committerdate --format %(refname) %(objectname) %(*objectname) [1ms]
2025-04-04 12:40:03.462 [info] > git for-each-ref --format=%(refname)%00%(upstream:short)%00%(objectname)%00%(upstream:track)%00%(upstream:remotename)%00%(upstream:remoteref) refs/heads/main refs/remotes/main [6ms]
2025-04-04 12:40:03.462 [info] > git config --get commit.template [2ms]
2025-04-04 12:40:03.462 [info] > git rev-parse --show-toplevel [5ms]
2025-04-04 12:40:03.462 [info] > git config --get --local branch.main.vscode-merge-base [1ms]
2025-04-04 12:40:03.462 [warning] [Git][config] git config failed: Failed to execute git
2025-04-04 12:40:03.462 [info] > git rev-parse --show-toplevel [3ms]
2025-04-04 12:40:03.462 [info] > git reflog main --grep-reflog=branch: Created from *. [6ms]
2025-04-04 12:40:03.462 [info] > git for-each-ref --format=%(refname)%00%(upstream:short)%00%(objectname)%00%(upstream:track)%00%(upstream:remotename)%00%(upstream:remoteref) refs/heads/main refs/remotes/main [5ms]
2025-04-04 12:40:03.462 [info] > git status -z -uall [4ms]
2025-04-04 12:40:03.462 [info] > git rev-parse --show-toplevel [6ms]
2025-04-04 12:40:03.462 [info] > git symbolic-ref --short refs/remotes/origin/HEAD [8ms]
2025-04-04 12:40:03.462 [info] fatal: ref refs/remotes/origin/HEAD is not a symbolic ref
2025-04-04 12:40:03.462 [warning] [Repository][getDefaultBranch] Failed to get default branch details: Failed to execute git.
2025-04-04 12:40:03.462 [info] > git for-each-ref --sort -committerdate --format %(refname) %(objectname) %(*objectname) [4ms]
2025-04-04 12:40:03.462 [info] > git rev-parse --show-toplevel [2ms]
2025-04-04 12:40:03.462 [info] > git rev-parse --show-toplevel [1ms]
2025-04-04 12:40:03.462 [info] > git rev-parse --show-toplevel [0ms]
2025-04-04 12:40:03.462 [info] [Model][doInitialScan] Initial repository scan completed - repositories (1), closed repositories (0), parent repositories (0), unsafe repositories (0)
2025-04-04 12:40:04.012 [info] > git check-ignore -v -z --stdin [1ms]
2025-04-04 12:40:05.053 [info] > git config --get commit.template [3ms]
2025-04-04 12:40:05.054 [info] > git for-each-ref --format=%(refname)%00%(upstream:short)%00%(objectname)%00%(upstream:track)%00%(upstream:remotename)%00%(upstream:remoteref) refs/heads/main refs/remotes/main [1ms]
2025-04-04 12:40:05.058 [info] > git status -z -uall [3ms]
2025-04-04 12:40:05.059 [info] > git for-each-ref --sort -committerdate --format %(refname) %(objectname) %(*objectname) [1ms]
2025-04-04 12:40:10.090 [info] > git config --get commit.template [5ms]
2025-04-04 12:40:10.094 [info] > git for-each-ref --format=%(refname)%00%(upstream:short)%00%(objectname)%00%(upstream:track)%00%(upstream:remotename)%00%(upstream:remoteref) refs/heads/main refs/remotes/main [1ms]
2025-04-04 12:40:10.100 [info] > git status -z -uall [4ms]
2025-04-04 12:40:10.101 [info] > git for-each-ref --sort -committerdate --format %(refname) %(objectname) %(*objectname) [2ms]
2025-04-04 12:40:15.109 [info] > git config --get commit.template [3ms]
2025-04-04 12:40:15.110 [info] > git for-each-ref --format=%(refname)%00%(upstream:short)%00%(objectname)%00%(upstream:track)%00%(upstream:remotename)%00%(upstream:remoteref) refs/heads/main refs/remotes/main [2ms]
2025-04-04 12:40:15.117 [info] > git status -z -uall [4ms]
2025-04-04 12:40:15.117 [info] > git for-each-ref --sort -committerdate --format %(refname) %(objectname) %(*objectname) [2ms]
2025-04-04 12:40:20.125 [info] > git config --get commit.template [2ms]
2025-04-04 12:40:20.125 [info] > git for-each-ref --format=%(refname)%00%(upstream:short)%00%(objectname)%00%(upstream:track)%00%(upstream:remotename)%00%(upstream:remoteref) refs/heads/main refs/remotes/main [1ms]
2025-04-04 12:40:20.130 [info] > git status -z -uall [3ms]
2025-04-04 12:40:20.131 [info] > git for-each-ref --sort -committerdate --format %(refname) %(objectname) %(*objectname) [1ms]
2025-04-04 12:40:25.140 [info] > git config --get commit.template [0ms]
2025-04-04 12:40:25.145 [info] > git for-each-ref --format=%(refname)%00%(upstream:short)%00%(objectname)%00%(upstream:track)%00%(upstream:remotename)%00%(upstream:remoteref) refs/heads/main refs/remotes/main [2ms]
2025-04-04 12:40:25.149 [info] > git status -z -uall [2ms]
2025-04-04 12:40:25.150 [info] > git for-each-ref --sort -committerdate --format %(refname) %(objectname) %(*objectname) [1ms]
